2025-02-18 05:55:03.178 +03:00 [INF] Uygulama Başlatıldı
2025-02-18 05:56:33.812 +03:00 [INF] Çalışma Ortamı: Development
2025-02-18 05:56:33.813 +03:00 [INF] Uygulama Durduruldu
2025-02-18 05:58:25.768 +03:00 [INF] User profile is available. Using 'C:\Users\sgurb\AppData\Local\ASP.NET\DataProtection-Keys' as key repository and Windows DPAPI to encrypt keys at rest.
2025-02-18 05:58:26.228 +03:00 [INF] Now listening on: http://localhost:8080
2025-02-18 05:58:26.230 +03:00 [INF] Application started. Press Ctrl+C to shut down.
2025-02-18 05:58:26.231 +03:00 [INF] Hosting environment: Development
2025-02-18 05:58:26.234 +03:00 [INF] Content root path: C:\Users\sgurb\Documents\projects\CSharp\project-a\backend\srcs\WebApi
2025-02-18 05:58:26.235 +03:00 [INF] Uygulama Başlatıldı
2025-02-18 05:58:26.820 +03:00 [INF] Request starting HTTP/1.1 GET http://localhost:8080/scalar/v1 - null null
2025-02-18 05:58:26.878 +03:00 [WRN] Failed to determine the https port for redirect.
2025-02-18 05:58:26.885 +03:00 [INF] Executing endpoint 'HTTP: GET /scalar/{documentName?}'
2025-02-18 05:58:26.939 +03:00 [INF] Write content with HTTP Response ContentType of text/html
2025-02-18 05:58:26.942 +03:00 [INF] Executed endpoint 'HTTP: GET /scalar/{documentName?}'
2025-02-18 05:58:26.945 +03:00 [INF] HTTP GET /scalar/v1 responded 200 in 62.2436 ms
2025-02-18 05:58:26.956 +03:00 [INF] Request finished HTTP/1.1 GET http://localhost:8080/scalar/v1 - 200 1038 text/html 137.6696ms
2025-02-18 05:58:26.985 +03:00 [INF] Request starting HTTP/1.1 GET http://localhost:8080/scalar/scalar.js - null null
2025-02-18 05:58:26.985 +03:00 [INF] Request starting HTTP/1.1 GET http://localhost:8080/scalar/scalar.aspnetcore.js - null null
2025-02-18 05:58:26.991 +03:00 [INF] Executing endpoint 'HTTP: GET /scalar/scalar.aspnetcore.js'
2025-02-18 05:58:26.991 +03:00 [INF] Executing endpoint 'HTTP: GET /scalar/scalar.js'
2025-02-18 05:58:26.996 +03:00 [INF] Sending file with download name ''.
2025-02-18 05:58:26.999 +03:00 [INF] Setting HTTP status code 304.
2025-02-18 05:58:27.000 +03:00 [INF] Executed endpoint 'HTTP: GET /scalar/scalar.js'
2025-02-18 05:58:27.000 +03:00 [INF] Executed endpoint 'HTTP: GET /scalar/scalar.aspnetcore.js'
2025-02-18 05:58:27.000 +03:00 [INF] HTTP GET /scalar/scalar.js responded 304 in 9.0410 ms
2025-02-18 05:58:27.001 +03:00 [INF] HTTP GET /scalar/scalar.aspnetcore.js responded 200 in 9.9811 ms
2025-02-18 05:58:27.004 +03:00 [INF] Request finished HTTP/1.1 GET http://localhost:8080/scalar/scalar.js - 304 null null 19.5729ms
2025-02-18 05:58:27.005 +03:00 [INF] Request finished HTTP/1.1 GET http://localhost:8080/scalar/scalar.aspnetcore.js - 200 418 text/javascript 20.7284ms
2025-02-18 05:58:27.112 +03:00 [INF] Request starting HTTP/1.1 GET http://localhost:8080/openapi/v1.json - null null
2025-02-18 05:58:27.116 +03:00 [INF] Executing endpoint 'HTTP: GET /openapi/{documentName}.json'
2025-02-18 05:58:27.300 +03:00 [INF] Executed endpoint 'HTTP: GET /openapi/{documentName}.json'
2025-02-18 05:58:27.301 +03:00 [INF] HTTP GET /openapi/v1.json responded 200 in 184.8436 ms
2025-02-18 05:58:27.302 +03:00 [INF] Request finished HTTP/1.1 GET http://localhost:8080/openapi/v1.json - 200 null application/json;charset=utf-8 190.3091ms
2025-02-18 05:58:29.155 +03:00 [INF] Request starting HTTP/1.1 GET http://localhost:8080/openapi/v1.json - null null
2025-02-18 05:58:29.159 +03:00 [INF] Executing endpoint 'HTTP: GET /openapi/{documentName}.json'
2025-02-18 05:58:29.181 +03:00 [INF] Executed endpoint 'HTTP: GET /openapi/{documentName}.json'
2025-02-18 05:58:29.183 +03:00 [INF] HTTP GET /openapi/v1.json responded 200 in 24.3110 ms
2025-02-18 05:58:29.187 +03:00 [INF] Request finished HTTP/1.1 GET http://localhost:8080/openapi/v1.json - 200 null application/json;charset=utf-8 31.8878ms
2025-02-18 05:58:29.328 +03:00 [INF] Request starting HTTP/1.1 GET http://localhost:8080/favicon.ico - null null
2025-02-18 05:58:29.334 +03:00 [INF] HTTP GET /favicon.ico responded 404 in 0.3016 ms
2025-02-18 05:58:29.336 +03:00 [INF] Request finished HTTP/1.1 GET http://localhost:8080/favicon.ico - 499 null null 7.9235ms
2025-02-18 05:58:29.341 +03:00 [INF] Request reached the end of the middleware pipeline without being handled by application code. Request path: GET http://localhost:8080/favicon.ico, Response status code: 499
2025-02-18 05:59:02.119 +03:00 [INF] Request starting HTTP/1.1 POST http://localhost:8080/api/User/LoginUser - application/json 64
2025-02-18 05:59:02.123 +03:00 [INF] Executing endpoint 'WebApi.Controllers.UserController.LoginUser (WebApi)'
2025-02-18 05:59:02.137 +03:00 [INF] Route matched with {action = "LoginUser", controller = "User"}. Executing controller action with signature System.Threading.Tasks.Task`1[Microsoft.AspNetCore.Mvc.IActionResult] LoginUser(Application.Features.Users.LoginUserRequest) on controller WebApi.Controllers.UserController (WebApi).
2025-02-18 05:59:02.165 +03:00 [INF] Executing action method WebApi.Controllers.UserController.LoginUser (WebApi) - Validation state: "Valid"
2025-02-18 05:59:02.260 +03:00 [INF] Executed action WebApi.Controllers.UserController.LoginUser (WebApi) in 118.1153ms
2025-02-18 05:59:02.262 +03:00 [INF] Executed endpoint 'WebApi.Controllers.UserController.LoginUser (WebApi)'
2025-02-18 05:59:02.264 +03:00 [ERR] HTTP POST /api/User/LoginUser responded 500 in 143.3303 ms
System.InvalidOperationException: Sequence contains no elements
   at System.Linq.ThrowHelper.ThrowNoElementsException()
   at System.Linq.Enumerable.First[TSource](IEnumerable`1 source)
   at Application.Features.Users.LoginUserHandler.Handle(LoginUserRequest request, CancellationToken cancellationToken) in C:\Users\sgurb\Documents\projects\CSharp\project-a\backend\srcs\core\Application\Features\Users\LoginUser.cs:line 35
   at Application.Behaviors.ValidationBehavior`2.Handle(TRequest request, RequestHandlerDelegate`1 next, CancellationToken cancellationToken) in C:\Users\sgurb\Documents\projects\CSharp\project-a\backend\srcs\core\Application\Behaviors\ValidationBehavior.cs:line 15
   at WebApi.Controllers.UserController.LoginUser(LoginUserRequest request) in C:\Users\sgurb\Documents\projects\CSharp\project-a\backend\srcs\WebApi\Controllers\UserController.cs:line 21
   at Microsoft.AspNetCore.Mvc.Infrastructure.ActionMethodExecutor.TaskOfIActionResultExecutor.Execute(ActionContext actionContext, IActionResultTypeMapper mapper, ObjectMethodExecutor executor, Object controller, Object[] arguments)
   at Microsoft.AspNetCore.Mvc.Infrastructure.ControllerActionInvoker.<InvokeActionMethodAsync>g__Logged|12_1(ControllerActionInvoker invoker)
   at Microsoft.AspNetCore.Mvc.Infrastructure.ControllerActionInvoker.<InvokeNextActionFilterAsync>g__Awaited|10_0(ControllerActionInvoker invoker, Task lastTask, State next, Scope scope, Object state, Boolean isCompleted)
   at Microsoft.AspNetCore.Mvc.Infrastructure.ControllerActionInvoker.Rethrow(ActionExecutedContextSealed context)
   at Microsoft.AspNetCore.Mvc.Infrastructure.ControllerActionInvoker.Next(State& next, Scope& scope, Object& state, Boolean& isCompleted)
   at Microsoft.AspNetCore.Mvc.Infrastructure.ControllerActionInvoker.<InvokeInnerFilterAsync>g__Awaited|13_0(ControllerActionInvoker invoker, Task lastTask, State next, Scope scope, Object state, Boolean isCompleted)
   at Microsoft.AspNetCore.Mvc.Infrastructure.ResourceInvoker.<InvokeFilterPipelineAsync>g__Awaited|20_0(ResourceInvoker invoker, Task lastTask, State next, Scope scope, Object state, Boolean isCompleted)
   at Microsoft.AspNetCore.Mvc.Infrastructure.ResourceInvoker.<InvokeAsync>g__Logged|17_1(ResourceInvoker invoker)
   at Microsoft.AspNetCore.Mvc.Infrastructure.ResourceInvoker.<InvokeAsync>g__Logged|17_1(ResourceInvoker invoker)
   at Microsoft.AspNetCore.Routing.EndpointMiddleware.<Invoke>g__AwaitRequestTask|7_0(Endpoint endpoint, Task requestTask, ILogger logger)
   at Microsoft.AspNetCore.Authorization.AuthorizationMiddleware.Invoke(HttpContext context)
   at Serilog.AspNetCore.RequestLoggingMiddleware.Invoke(HttpContext httpContext)
2025-02-18 05:59:02.291 +03:00 [ERR] An unhandled exception has occurred while executing the request.
System.InvalidOperationException: Sequence contains no elements
   at System.Linq.ThrowHelper.ThrowNoElementsException()
   at System.Linq.Enumerable.First[TSource](IEnumerable`1 source)
   at Application.Features.Users.LoginUserHandler.Handle(LoginUserRequest request, CancellationToken cancellationToken) in C:\Users\sgurb\Documents\projects\CSharp\project-a\backend\srcs\core\Application\Features\Users\LoginUser.cs:line 35
   at Application.Behaviors.ValidationBehavior`2.Handle(TRequest request, RequestHandlerDelegate`1 next, CancellationToken cancellationToken) in C:\Users\sgurb\Documents\projects\CSharp\project-a\backend\srcs\core\Application\Behaviors\ValidationBehavior.cs:line 15
   at WebApi.Controllers.UserController.LoginUser(LoginUserRequest request) in C:\Users\sgurb\Documents\projects\CSharp\project-a\backend\srcs\WebApi\Controllers\UserController.cs:line 21
   at Microsoft.AspNetCore.Mvc.Infrastructure.ActionMethodExecutor.TaskOfIActionResultExecutor.Execute(ActionContext actionContext, IActionResultTypeMapper mapper, ObjectMethodExecutor executor, Object controller, Object[] arguments)
   at Microsoft.AspNetCore.Mvc.Infrastructure.ControllerActionInvoker.<InvokeActionMethodAsync>g__Logged|12_1(ControllerActionInvoker invoker)
   at Microsoft.AspNetCore.Mvc.Infrastructure.ControllerActionInvoker.<InvokeNextActionFilterAsync>g__Awaited|10_0(ControllerActionInvoker invoker, Task lastTask, State next, Scope scope, Object state, Boolean isCompleted)
   at Microsoft.AspNetCore.Mvc.Infrastructure.ControllerActionInvoker.Rethrow(ActionExecutedContextSealed context)
   at Microsoft.AspNetCore.Mvc.Infrastructure.ControllerActionInvoker.Next(State& next, Scope& scope, Object& state, Boolean& isCompleted)
   at Microsoft.AspNetCore.Mvc.Infrastructure.ControllerActionInvoker.<InvokeInnerFilterAsync>g__Awaited|13_0(ControllerActionInvoker invoker, Task lastTask, State next, Scope scope, Object state, Boolean isCompleted)
   at Microsoft.AspNetCore.Mvc.Infrastructure.ResourceInvoker.<InvokeFilterPipelineAsync>g__Awaited|20_0(ResourceInvoker invoker, Task lastTask, State next, Scope scope, Object state, Boolean isCompleted)
   at Microsoft.AspNetCore.Mvc.Infrastructure.ResourceInvoker.<InvokeAsync>g__Logged|17_1(ResourceInvoker invoker)
   at Microsoft.AspNetCore.Mvc.Infrastructure.ResourceInvoker.<InvokeAsync>g__Logged|17_1(ResourceInvoker invoker)
   at Microsoft.AspNetCore.Routing.EndpointMiddleware.<Invoke>g__AwaitRequestTask|7_0(Endpoint endpoint, Task requestTask, ILogger logger)
   at Microsoft.AspNetCore.Authorization.AuthorizationMiddleware.Invoke(HttpContext context)
   at Serilog.AspNetCore.RequestLoggingMiddleware.Invoke(HttpContext httpContext)
   at Microsoft.AspNetCore.Authentication.AuthenticationMiddleware.Invoke(HttpContext context)
   at Microsoft.AspNetCore.Diagnostics.DeveloperExceptionPageMiddlewareImpl.Invoke(HttpContext context)
2025-02-18 05:59:02.299 +03:00 [INF] Request finished HTTP/1.1 POST http://localhost:8080/api/User/LoginUser - 500 null text/plain; charset=utf-8 179.8827ms
2025-02-18 06:00:42.157 +03:00 [INF] Application is shutting down...
2025-02-18 06:00:42.168 +03:00 [INF] Uygulama Durduruldu
2025-02-18 06:01:10.844 +03:00 [INF] User profile is available. Using 'C:\Users\sgurb\AppData\Local\ASP.NET\DataProtection-Keys' as key repository and Windows DPAPI to encrypt keys at rest.
2025-02-18 06:01:11.399 +03:00 [INF] Now listening on: http://localhost:8080
2025-02-18 06:01:11.401 +03:00 [INF] Application started. Press Ctrl+C to shut down.
2025-02-18 06:01:11.402 +03:00 [INF] Hosting environment: Development
2025-02-18 06:01:11.403 +03:00 [INF] Content root path: C:\Users\sgurb\Documents\projects\CSharp\project-a\backend\srcs\WebApi
2025-02-18 06:01:11.405 +03:00 [INF] Çalışma Ortamı: Development
2025-02-18 06:01:11.408 +03:00 [INF] Uygulama Başlatıldı
2025-02-18 06:01:12.141 +03:00 [INF] Request starting HTTP/1.1 GET http://localhost:8080/scalar/v1 - null null
2025-02-18 06:01:12.212 +03:00 [WRN] Failed to determine the https port for redirect.
2025-02-18 06:01:12.220 +03:00 [INF] Executing endpoint 'HTTP: GET /scalar/{documentName?}'
2025-02-18 06:01:12.282 +03:00 [INF] Write content with HTTP Response ContentType of text/html
2025-02-18 06:01:12.285 +03:00 [INF] Executed endpoint 'HTTP: GET /scalar/{documentName?}'
2025-02-18 06:01:12.289 +03:00 [INF] HTTP GET /scalar/v1 responded 200 in 72.2648 ms
2025-02-18 06:01:12.301 +03:00 [INF] Request finished HTTP/1.1 GET http://localhost:8080/scalar/v1 - 200 1038 text/html 163.0883ms
2025-02-18 06:01:12.374 +03:00 [INF] Request starting HTTP/1.1 GET http://localhost:8080/scalar/scalar.aspnetcore.js - null null
2025-02-18 06:01:12.379 +03:00 [INF] Request starting HTTP/1.1 GET http://localhost:8080/scalar/scalar.js - null null
2025-02-18 06:01:12.381 +03:00 [INF] Executing endpoint 'HTTP: GET /scalar/scalar.aspnetcore.js'
2025-02-18 06:01:12.384 +03:00 [INF] Executing endpoint 'HTTP: GET /scalar/scalar.js'
2025-02-18 06:01:12.387 +03:00 [INF] Sending file with download name ''.
2025-02-18 06:01:12.391 +03:00 [INF] Setting HTTP status code 304.
2025-02-18 06:01:12.393 +03:00 [INF] Executed endpoint 'HTTP: GET /scalar/scalar.js'
2025-02-18 06:01:12.393 +03:00 [INF] Executed endpoint 'HTTP: GET /scalar/scalar.aspnetcore.js'
2025-02-18 06:01:12.394 +03:00 [INF] HTTP GET /scalar/scalar.js responded 304 in 10.1889 ms
2025-02-18 06:01:12.394 +03:00 [INF] HTTP GET /scalar/scalar.aspnetcore.js responded 200 in 13.8248 ms
2025-02-18 06:01:12.396 +03:00 [INF] Request finished HTTP/1.1 GET http://localhost:8080/scalar/scalar.js - 304 null null 17.6446ms
2025-02-18 06:01:12.397 +03:00 [INF] Request finished HTTP/1.1 GET http://localhost:8080/scalar/scalar.aspnetcore.js - 200 418 text/javascript 24.2007ms
2025-02-18 06:01:12.581 +03:00 [INF] Request starting HTTP/1.1 GET http://localhost:8080/openapi/v1.json - null null
2025-02-18 06:01:12.583 +03:00 [INF] Executing endpoint 'HTTP: GET /openapi/{documentName}.json'
2025-02-18 06:01:12.737 +03:00 [INF] Executed endpoint 'HTTP: GET /openapi/{documentName}.json'
2025-02-18 06:01:12.738 +03:00 [INF] HTTP GET /openapi/v1.json responded 200 in 155.0531 ms
2025-02-18 06:01:12.739 +03:00 [INF] Request finished HTTP/1.1 GET http://localhost:8080/openapi/v1.json - 200 null application/json;charset=utf-8 158.654ms
2025-02-18 06:01:12.781 +03:00 [INF] Request starting HTTP/1.1 GET http://localhost:8080/favicon.ico - null null
2025-02-18 06:01:12.784 +03:00 [INF] HTTP GET /favicon.ico responded 404 in 0.1344 ms
2025-02-18 06:01:12.786 +03:00 [INF] Request finished HTTP/1.1 GET http://localhost:8080/favicon.ico - 499 null null 4.3599ms
2025-02-18 06:01:12.788 +03:00 [INF] Request reached the end of the middleware pipeline without being handled by application code. Request path: GET http://localhost:8080/favicon.ico, Response status code: 499
2025-02-18 06:01:13.612 +03:00 [INF] Request starting HTTP/1.1 POST http://localhost:8080/api/User/LoginUser - application/json 64
2025-02-18 06:01:13.616 +03:00 [INF] Executing endpoint 'WebApi.Controllers.UserController.LoginUser (WebApi)'
2025-02-18 06:01:13.632 +03:00 [INF] Route matched with {action = "LoginUser", controller = "User"}. Executing controller action with signature System.Threading.Tasks.Task`1[Microsoft.AspNetCore.Mvc.IActionResult] LoginUser(Application.Features.Users.LoginUserRequest) on controller WebApi.Controllers.UserController (WebApi).
2025-02-18 06:01:13.659 +03:00 [INF] Executing action method WebApi.Controllers.UserController.LoginUser (WebApi) - Validation state: "Valid"
2025-02-18 06:01:13.762 +03:00 [INF] Executed action WebApi.Controllers.UserController.LoginUser (WebApi) in 124.7414ms
2025-02-18 06:01:13.764 +03:00 [INF] Executed endpoint 'WebApi.Controllers.UserController.LoginUser (WebApi)'
2025-02-18 06:01:13.766 +03:00 [ERR] HTTP POST /api/User/LoginUser responded 500 in 151.8239 ms
System.InvalidOperationException: Sequence contains no elements
   at System.Linq.ThrowHelper.ThrowNoElementsException()
   at System.Linq.Enumerable.First[TSource](IEnumerable`1 source)
   at Application.Features.Users.LoginUserHandler.Handle(LoginUserRequest request, CancellationToken cancellationToken) in C:\Users\sgurb\Documents\projects\CSharp\project-a\backend\srcs\core\Application\Features\Users\LoginUser.cs:line 35
   at Application.Behaviors.ValidationBehavior`2.Handle(TRequest request, RequestHandlerDelegate`1 next, CancellationToken cancellationToken) in C:\Users\sgurb\Documents\projects\CSharp\project-a\backend\srcs\core\Application\Behaviors\ValidationBehavior.cs:line 15
   at WebApi.Controllers.UserController.LoginUser(LoginUserRequest request) in C:\Users\sgurb\Documents\projects\CSharp\project-a\backend\srcs\WebApi\Controllers\UserController.cs:line 21
   at Microsoft.AspNetCore.Mvc.Infrastructure.ActionMethodExecutor.TaskOfIActionResultExecutor.Execute(ActionContext actionContext, IActionResultTypeMapper mapper, ObjectMethodExecutor executor, Object controller, Object[] arguments)
   at Microsoft.AspNetCore.Mvc.Infrastructure.ControllerActionInvoker.<InvokeActionMethodAsync>g__Logged|12_1(ControllerActionInvoker invoker)
   at Microsoft.AspNetCore.Mvc.Infrastructure.ControllerActionInvoker.<InvokeNextActionFilterAsync>g__Awaited|10_0(ControllerActionInvoker invoker, Task lastTask, State next, Scope scope, Object state, Boolean isCompleted)
   at Microsoft.AspNetCore.Mvc.Infrastructure.ControllerActionInvoker.Rethrow(ActionExecutedContextSealed context)
   at Microsoft.AspNetCore.Mvc.Infrastructure.ControllerActionInvoker.Next(State& next, Scope& scope, Object& state, Boolean& isCompleted)
   at Microsoft.AspNetCore.Mvc.Infrastructure.ControllerActionInvoker.<InvokeInnerFilterAsync>g__Awaited|13_0(ControllerActionInvoker invoker, Task lastTask, State next, Scope scope, Object state, Boolean isCompleted)
   at Microsoft.AspNetCore.Mvc.Infrastructure.ResourceInvoker.<InvokeFilterPipelineAsync>g__Awaited|20_0(ResourceInvoker invoker, Task lastTask, State next, Scope scope, Object state, Boolean isCompleted)
   at Microsoft.AspNetCore.Mvc.Infrastructure.ResourceInvoker.<InvokeAsync>g__Logged|17_1(ResourceInvoker invoker)
   at Microsoft.AspNetCore.Mvc.Infrastructure.ResourceInvoker.<InvokeAsync>g__Logged|17_1(ResourceInvoker invoker)
   at Microsoft.AspNetCore.Routing.EndpointMiddleware.<Invoke>g__AwaitRequestTask|7_0(Endpoint endpoint, Task requestTask, ILogger logger)
   at Microsoft.AspNetCore.Authorization.AuthorizationMiddleware.Invoke(HttpContext context)
   at Serilog.AspNetCore.RequestLoggingMiddleware.Invoke(HttpContext httpContext)
2025-02-18 06:01:13.784 +03:00 [ERR] An unhandled exception has occurred while executing the request.
System.InvalidOperationException: Sequence contains no elements
   at System.Linq.ThrowHelper.ThrowNoElementsException()
   at System.Linq.Enumerable.First[TSource](IEnumerable`1 source)
   at Application.Features.Users.LoginUserHandler.Handle(LoginUserRequest request, CancellationToken cancellationToken) in C:\Users\sgurb\Documents\projects\CSharp\project-a\backend\srcs\core\Application\Features\Users\LoginUser.cs:line 35
   at Application.Behaviors.ValidationBehavior`2.Handle(TRequest request, RequestHandlerDelegate`1 next, CancellationToken cancellationToken) in C:\Users\sgurb\Documents\projects\CSharp\project-a\backend\srcs\core\Application\Behaviors\ValidationBehavior.cs:line 15
   at WebApi.Controllers.UserController.LoginUser(LoginUserRequest request) in C:\Users\sgurb\Documents\projects\CSharp\project-a\backend\srcs\WebApi\Controllers\UserController.cs:line 21
   at Microsoft.AspNetCore.Mvc.Infrastructure.ActionMethodExecutor.TaskOfIActionResultExecutor.Execute(ActionContext actionContext, IActionResultTypeMapper mapper, ObjectMethodExecutor executor, Object controller, Object[] arguments)
   at Microsoft.AspNetCore.Mvc.Infrastructure.ControllerActionInvoker.<InvokeActionMethodAsync>g__Logged|12_1(ControllerActionInvoker invoker)
   at Microsoft.AspNetCore.Mvc.Infrastructure.ControllerActionInvoker.<InvokeNextActionFilterAsync>g__Awaited|10_0(ControllerActionInvoker invoker, Task lastTask, State next, Scope scope, Object state, Boolean isCompleted)
   at Microsoft.AspNetCore.Mvc.Infrastructure.ControllerActionInvoker.Rethrow(ActionExecutedContextSealed context)
   at Microsoft.AspNetCore.Mvc.Infrastructure.ControllerActionInvoker.Next(State& next, Scope& scope, Object& state, Boolean& isCompleted)
   at Microsoft.AspNetCore.Mvc.Infrastructure.ControllerActionInvoker.<InvokeInnerFilterAsync>g__Awaited|13_0(ControllerActionInvoker invoker, Task lastTask, State next, Scope scope, Object state, Boolean isCompleted)
   at Microsoft.AspNetCore.Mvc.Infrastructure.ResourceInvoker.<InvokeFilterPipelineAsync>g__Awaited|20_0(ResourceInvoker invoker, Task lastTask, State next, Scope scope, Object state, Boolean isCompleted)
   at Microsoft.AspNetCore.Mvc.Infrastructure.ResourceInvoker.<InvokeAsync>g__Logged|17_1(ResourceInvoker invoker)
   at Microsoft.AspNetCore.Mvc.Infrastructure.ResourceInvoker.<InvokeAsync>g__Logged|17_1(ResourceInvoker invoker)
   at Microsoft.AspNetCore.Routing.EndpointMiddleware.<Invoke>g__AwaitRequestTask|7_0(Endpoint endpoint, Task requestTask, ILogger logger)
   at Microsoft.AspNetCore.Authorization.AuthorizationMiddleware.Invoke(HttpContext context)
   at Serilog.AspNetCore.RequestLoggingMiddleware.Invoke(HttpContext httpContext)
   at Microsoft.AspNetCore.Authentication.AuthenticationMiddleware.Invoke(HttpContext context)
   at Microsoft.AspNetCore.Diagnostics.DeveloperExceptionPageMiddlewareImpl.Invoke(HttpContext context)
2025-02-18 06:01:13.794 +03:00 [INF] Request finished HTTP/1.1 POST http://localhost:8080/api/User/LoginUser - 500 null text/plain; charset=utf-8 182.3527ms
2025-02-18 06:02:03.009 +03:00 [INF] Application is shutting down...
2025-02-18 06:02:03.023 +03:00 [INF] Uygulama Durduruldu
2025-02-18 06:02:06.551 +03:00 [INF] User profile is available. Using 'C:\Users\sgurb\AppData\Local\ASP.NET\DataProtection-Keys' as key repository and Windows DPAPI to encrypt keys at rest.
2025-02-18 06:02:07.014 +03:00 [INF] Now listening on: http://localhost:8080
2025-02-18 06:02:07.016 +03:00 [INF] Application started. Press Ctrl+C to shut down.
2025-02-18 06:02:07.017 +03:00 [INF] Hosting environment: Development
2025-02-18 06:02:07.018 +03:00 [INF] Content root path: C:\Users\sgurb\Documents\projects\CSharp\project-a\backend\srcs\WebApi
2025-02-18 06:02:07.019 +03:00 [INF] Çalışma Ortamı: Development
2025-02-18 06:02:07.022 +03:00 [INF] Uygulama Başlatıldı
2025-02-18 06:02:07.504 +03:00 [INF] Request starting HTTP/1.1 GET http://localhost:8080/scalar/v1 - null null
2025-02-18 06:02:07.569 +03:00 [WRN] Failed to determine the https port for redirect.
2025-02-18 06:02:07.576 +03:00 [INF] Executing endpoint 'HTTP: GET /scalar/{documentName?}'
2025-02-18 06:02:07.626 +03:00 [INF] Write content with HTTP Response ContentType of text/html
2025-02-18 06:02:07.628 +03:00 [INF] Executed endpoint 'HTTP: GET /scalar/{documentName?}'
2025-02-18 06:02:07.632 +03:00 [INF] HTTP GET /scalar/v1 responded 200 in 57.6287 ms
2025-02-18 06:02:07.643 +03:00 [INF] Request finished HTTP/1.1 GET http://localhost:8080/scalar/v1 - 200 1038 text/html 141.7162ms
2025-02-18 06:02:07.666 +03:00 [INF] Request starting HTTP/1.1 GET http://localhost:8080/scalar/scalar.aspnetcore.js - null null
2025-02-18 06:02:07.671 +03:00 [INF] Executing endpoint 'HTTP: GET /scalar/scalar.aspnetcore.js'
2025-02-18 06:02:07.671 +03:00 [INF] Request starting HTTP/1.1 GET http://localhost:8080/scalar/scalar.js - null null
2025-02-18 06:02:07.677 +03:00 [INF] Sending file with download name ''.
2025-02-18 06:02:07.677 +03:00 [INF] Executing endpoint 'HTTP: GET /scalar/scalar.js'
2025-02-18 06:02:07.681 +03:00 [INF] Executed endpoint 'HTTP: GET /scalar/scalar.aspnetcore.js'
2025-02-18 06:02:07.682 +03:00 [INF] HTTP GET /scalar/scalar.aspnetcore.js responded 200 in 11.5485 ms
2025-02-18 06:02:07.682 +03:00 [INF] Setting HTTP status code 304.
2025-02-18 06:02:07.684 +03:00 [INF] Request finished HTTP/1.1 GET http://localhost:8080/scalar/scalar.aspnetcore.js - 200 418 text/javascript 18.7802ms
2025-02-18 06:02:07.684 +03:00 [INF] Executed endpoint 'HTTP: GET /scalar/scalar.js'
2025-02-18 06:02:07.688 +03:00 [INF] HTTP GET /scalar/scalar.js responded 304 in 11.1375 ms
2025-02-18 06:02:07.690 +03:00 [INF] Request finished HTTP/1.1 GET http://localhost:8080/scalar/scalar.js - 304 null null 18.6388ms
2025-02-18 06:02:07.807 +03:00 [INF] Request starting HTTP/1.1 GET http://localhost:8080/openapi/v1.json - null null
2025-02-18 06:02:07.810 +03:00 [INF] Executing endpoint 'HTTP: GET /openapi/{documentName}.json'
2025-02-18 06:02:07.992 +03:00 [INF] Executed endpoint 'HTTP: GET /openapi/{documentName}.json'
2025-02-18 06:02:07.992 +03:00 [INF] HTTP GET /openapi/v1.json responded 200 in 182.8509 ms
2025-02-18 06:02:07.994 +03:00 [INF] Request finished HTTP/1.1 GET http://localhost:8080/openapi/v1.json - 200 null application/json;charset=utf-8 187.3546ms
2025-02-18 06:02:08.029 +03:00 [INF] Request starting HTTP/1.1 GET http://localhost:8080/favicon.ico - null null
2025-02-18 06:02:08.033 +03:00 [INF] HTTP GET /favicon.ico responded 404 in 0.1672 ms
2025-02-18 06:02:08.035 +03:00 [INF] Request finished HTTP/1.1 GET http://localhost:8080/favicon.ico - 499 null null 5.5354ms
2025-02-18 06:02:08.038 +03:00 [INF] Request reached the end of the middleware pipeline without being handled by application code. Request path: GET http://localhost:8080/favicon.ico, Response status code: 499
2025-02-18 06:02:10.174 +03:00 [INF] Request starting HTTP/1.1 POST http://localhost:8080/api/User/LoginUser - application/json 64
2025-02-18 06:02:10.177 +03:00 [INF] Executing endpoint 'WebApi.Controllers.UserController.LoginUser (WebApi)'
2025-02-18 06:02:10.192 +03:00 [INF] Route matched with {action = "LoginUser", controller = "User"}. Executing controller action with signature System.Threading.Tasks.Task`1[Microsoft.AspNetCore.Mvc.IActionResult] LoginUser(Application.Features.Users.LoginUserRequest) on controller WebApi.Controllers.UserController (WebApi).
2025-02-18 06:02:10.226 +03:00 [INF] Executing action method WebApi.Controllers.UserController.LoginUser (WebApi) - Validation state: "Valid"
2025-02-18 06:02:10.329 +03:00 [INF] Executed action WebApi.Controllers.UserController.LoginUser (WebApi) in 131.5457ms
2025-02-18 06:02:10.331 +03:00 [INF] Executed endpoint 'WebApi.Controllers.UserController.LoginUser (WebApi)'
2025-02-18 06:02:10.333 +03:00 [ERR] HTTP POST /api/User/LoginUser responded 500 in 157.4651 ms
System.NullReferenceException: Object reference not set to an instance of an object.
   at Application.Features.Users.LoginUserHandler.Handle(LoginUserRequest request, CancellationToken cancellationToken) in C:\Users\sgurb\Documents\projects\CSharp\project-a\backend\srcs\core\Application\Features\Users\LoginUser.cs:line 35
   at Application.Behaviors.ValidationBehavior`2.Handle(TRequest request, RequestHandlerDelegate`1 next, CancellationToken cancellationToken) in C:\Users\sgurb\Documents\projects\CSharp\project-a\backend\srcs\core\Application\Behaviors\ValidationBehavior.cs:line 15
   at WebApi.Controllers.UserController.LoginUser(LoginUserRequest request) in C:\Users\sgurb\Documents\projects\CSharp\project-a\backend\srcs\WebApi\Controllers\UserController.cs:line 21
   at Microsoft.AspNetCore.Mvc.Infrastructure.ActionMethodExecutor.TaskOfIActionResultExecutor.Execute(ActionContext actionContext, IActionResultTypeMapper mapper, ObjectMethodExecutor executor, Object controller, Object[] arguments)
   at Microsoft.AspNetCore.Mvc.Infrastructure.ControllerActionInvoker.<InvokeActionMethodAsync>g__Logged|12_1(ControllerActionInvoker invoker)
   at Microsoft.AspNetCore.Mvc.Infrastructure.ControllerActionInvoker.<InvokeNextActionFilterAsync>g__Awaited|10_0(ControllerActionInvoker invoker, Task lastTask, State next, Scope scope, Object state, Boolean isCompleted)
   at Microsoft.AspNetCore.Mvc.Infrastructure.ControllerActionInvoker.Rethrow(ActionExecutedContextSealed context)
   at Microsoft.AspNetCore.Mvc.Infrastructure.ControllerActionInvoker.Next(State& next, Scope& scope, Object& state, Boolean& isCompleted)
   at Microsoft.AspNetCore.Mvc.Infrastructure.ControllerActionInvoker.<InvokeInnerFilterAsync>g__Awaited|13_0(ControllerActionInvoker invoker, Task lastTask, State next, Scope scope, Object state, Boolean isCompleted)
   at Microsoft.AspNetCore.Mvc.Infrastructure.ResourceInvoker.<InvokeFilterPipelineAsync>g__Awaited|20_0(ResourceInvoker invoker, Task lastTask, State next, Scope scope, Object state, Boolean isCompleted)
   at Microsoft.AspNetCore.Mvc.Infrastructure.ResourceInvoker.<InvokeAsync>g__Logged|17_1(ResourceInvoker invoker)
   at Microsoft.AspNetCore.Mvc.Infrastructure.ResourceInvoker.<InvokeAsync>g__Logged|17_1(ResourceInvoker invoker)
   at Microsoft.AspNetCore.Routing.EndpointMiddleware.<Invoke>g__AwaitRequestTask|7_0(Endpoint endpoint, Task requestTask, ILogger logger)
   at Microsoft.AspNetCore.Authorization.AuthorizationMiddleware.Invoke(HttpContext context)
   at Serilog.AspNetCore.RequestLoggingMiddleware.Invoke(HttpContext httpContext)
2025-02-18 06:02:10.351 +03:00 [ERR] An unhandled exception has occurred while executing the request.
System.NullReferenceException: Object reference not set to an instance of an object.
   at Application.Features.Users.LoginUserHandler.Handle(LoginUserRequest request, CancellationToken cancellationToken) in C:\Users\sgurb\Documents\projects\CSharp\project-a\backend\srcs\core\Application\Features\Users\LoginUser.cs:line 35
   at Application.Behaviors.ValidationBehavior`2.Handle(TRequest request, RequestHandlerDelegate`1 next, CancellationToken cancellationToken) in C:\Users\sgurb\Documents\projects\CSharp\project-a\backend\srcs\core\Application\Behaviors\ValidationBehavior.cs:line 15
   at WebApi.Controllers.UserController.LoginUser(LoginUserRequest request) in C:\Users\sgurb\Documents\projects\CSharp\project-a\backend\srcs\WebApi\Controllers\UserController.cs:line 21
   at Microsoft.AspNetCore.Mvc.Infrastructure.ActionMethodExecutor.TaskOfIActionResultExecutor.Execute(ActionContext actionContext, IActionResultTypeMapper mapper, ObjectMethodExecutor executor, Object controller, Object[] arguments)
   at Microsoft.AspNetCore.Mvc.Infrastructure.ControllerActionInvoker.<InvokeActionMethodAsync>g__Logged|12_1(ControllerActionInvoker invoker)
   at Microsoft.AspNetCore.Mvc.Infrastructure.ControllerActionInvoker.<InvokeNextActionFilterAsync>g__Awaited|10_0(ControllerActionInvoker invoker, Task lastTask, State next, Scope scope, Object state, Boolean isCompleted)
   at Microsoft.AspNetCore.Mvc.Infrastructure.ControllerActionInvoker.Rethrow(ActionExecutedContextSealed context)
   at Microsoft.AspNetCore.Mvc.Infrastructure.ControllerActionInvoker.Next(State& next, Scope& scope, Object& state, Boolean& isCompleted)
   at Microsoft.AspNetCore.Mvc.Infrastructure.ControllerActionInvoker.<InvokeInnerFilterAsync>g__Awaited|13_0(ControllerActionInvoker invoker, Task lastTask, State next, Scope scope, Object state, Boolean isCompleted)
   at Microsoft.AspNetCore.Mvc.Infrastructure.ResourceInvoker.<InvokeFilterPipelineAsync>g__Awaited|20_0(ResourceInvoker invoker, Task lastTask, State next, Scope scope, Object state, Boolean isCompleted)
   at Microsoft.AspNetCore.Mvc.Infrastructure.ResourceInvoker.<InvokeAsync>g__Logged|17_1(ResourceInvoker invoker)
   at Microsoft.AspNetCore.Mvc.Infrastructure.ResourceInvoker.<InvokeAsync>g__Logged|17_1(ResourceInvoker invoker)
   at Microsoft.AspNetCore.Routing.EndpointMiddleware.<Invoke>g__AwaitRequestTask|7_0(Endpoint endpoint, Task requestTask, ILogger logger)
   at Microsoft.AspNetCore.Authorization.AuthorizationMiddleware.Invoke(HttpContext context)
   at Serilog.AspNetCore.RequestLoggingMiddleware.Invoke(HttpContext httpContext)
   at Microsoft.AspNetCore.Authentication.AuthenticationMiddleware.Invoke(HttpContext context)
   at Microsoft.AspNetCore.Diagnostics.DeveloperExceptionPageMiddlewareImpl.Invoke(HttpContext context)
2025-02-18 06:02:10.360 +03:00 [INF] Request finished HTTP/1.1 POST http://localhost:8080/api/User/LoginUser - 500 null text/plain; charset=utf-8 186.137ms
2025-02-18 06:02:46.665 +03:00 [INF] Application is shutting down...
2025-02-18 06:02:46.678 +03:00 [INF] Uygulama Durduruldu
2025-02-18 06:02:51.692 +03:00 [INF] User profile is available. Using 'C:\Users\sgurb\AppData\Local\ASP.NET\DataProtection-Keys' as key repository and Windows DPAPI to encrypt keys at rest.
2025-02-18 06:02:52.344 +03:00 [INF] Now listening on: http://localhost:8080
2025-02-18 06:02:52.347 +03:00 [INF] Application started. Press Ctrl+C to shut down.
2025-02-18 06:02:52.348 +03:00 [INF] Hosting environment: Development
2025-02-18 06:02:52.348 +03:00 [INF] Content root path: C:\Users\sgurb\Documents\projects\CSharp\project-a\backend\srcs\WebApi
2025-02-18 06:02:52.350 +03:00 [INF] Çalışma Ortamı: Development
2025-02-18 06:02:52.354 +03:00 [INF] Uygulama Başlatıldı
2025-02-18 06:02:53.085 +03:00 [INF] Request starting HTTP/1.1 GET http://localhost:8080/scalar/v1 - null null
2025-02-18 06:02:53.140 +03:00 [WRN] Failed to determine the https port for redirect.
2025-02-18 06:02:53.148 +03:00 [INF] Executing endpoint 'HTTP: GET /scalar/{documentName?}'
2025-02-18 06:02:53.203 +03:00 [INF] Write content with HTTP Response ContentType of text/html
2025-02-18 06:02:53.206 +03:00 [INF] Executed endpoint 'HTTP: GET /scalar/{documentName?}'
2025-02-18 06:02:53.210 +03:00 [INF] HTTP GET /scalar/v1 responded 200 in 64.7539 ms
2025-02-18 06:02:53.222 +03:00 [INF] Request finished HTTP/1.1 GET http://localhost:8080/scalar/v1 - 200 1038 text/html 139.3057ms
2025-02-18 06:02:53.232 +03:00 [INF] Request starting HTTP/1.1 GET http://localhost:8080/scalar/scalar.js - null null
2025-02-18 06:02:53.233 +03:00 [INF] Request starting HTTP/1.1 GET http://localhost:8080/scalar/scalar.aspnetcore.js - null null
2025-02-18 06:02:53.239 +03:00 [INF] Executing endpoint 'HTTP: GET /scalar/scalar.aspnetcore.js'
2025-02-18 06:02:53.239 +03:00 [INF] Executing endpoint 'HTTP: GET /scalar/scalar.js'
2025-02-18 06:02:53.247 +03:00 [INF] Setting HTTP status code 304.
2025-02-18 06:02:53.247 +03:00 [INF] Setting HTTP status code 304.
2025-02-18 06:02:53.248 +03:00 [INF] Executed endpoint 'HTTP: GET /scalar/scalar.aspnetcore.js'
2025-02-18 06:02:53.249 +03:00 [INF] Executed endpoint 'HTTP: GET /scalar/scalar.js'
2025-02-18 06:02:53.250 +03:00 [INF] HTTP GET /scalar/scalar.aspnetcore.js responded 304 in 10.8984 ms
2025-02-18 06:02:53.251 +03:00 [INF] HTTP GET /scalar/scalar.js responded 304 in 11.5632 ms
2025-02-18 06:02:53.253 +03:00 [INF] Request finished HTTP/1.1 GET http://localhost:8080/scalar/scalar.aspnetcore.js - 304 null null 20.0721ms
2025-02-18 06:02:53.253 +03:00 [INF] Request finished HTTP/1.1 GET http://localhost:8080/scalar/scalar.js - 304 null null 22.7563ms
2025-02-18 06:02:53.636 +03:00 [INF] Request starting HTTP/1.1 GET http://localhost:8080/openapi/v1.json - null null
2025-02-18 06:02:53.643 +03:00 [INF] Executing endpoint 'HTTP: GET /openapi/{documentName}.json'
2025-02-18 06:02:53.843 +03:00 [INF] Executed endpoint 'HTTP: GET /openapi/{documentName}.json'
2025-02-18 06:02:53.844 +03:00 [INF] HTTP GET /openapi/v1.json responded 200 in 200.6811 ms
2025-02-18 06:02:53.846 +03:00 [INF] Request finished HTTP/1.1 GET http://localhost:8080/openapi/v1.json - 200 null application/json;charset=utf-8 210.0899ms
2025-02-18 06:02:55.681 +03:00 [INF] Request starting HTTP/1.1 POST http://localhost:8080/api/User/LoginUser - application/json 64
2025-02-18 06:02:55.685 +03:00 [INF] Executing endpoint 'WebApi.Controllers.UserController.LoginUser (WebApi)'
2025-02-18 06:02:55.700 +03:00 [INF] Route matched with {action = "LoginUser", controller = "User"}. Executing controller action with signature System.Threading.Tasks.Task`1[Microsoft.AspNetCore.Mvc.IActionResult] LoginUser(Application.Features.Users.LoginUserRequest) on controller WebApi.Controllers.UserController (WebApi).
2025-02-18 06:02:55.730 +03:00 [INF] Executing action method WebApi.Controllers.UserController.LoginUser (WebApi) - Validation state: "Valid"
2025-02-18 06:02:55.827 +03:00 [INF] Executed action WebApi.Controllers.UserController.LoginUser (WebApi) in 120.7864ms
2025-02-18 06:02:55.829 +03:00 [INF] Executed endpoint 'WebApi.Controllers.UserController.LoginUser (WebApi)'
2025-02-18 06:02:55.831 +03:00 [ERR] HTTP POST /api/User/LoginUser responded 500 in 146.9916 ms
System.NullReferenceException: Object reference not set to an instance of an object.
   at Application.Features.Users.LoginUserHandler.Handle(LoginUserRequest request, CancellationToken cancellationToken) in C:\Users\sgurb\Documents\projects\CSharp\project-a\backend\srcs\core\Application\Features\Users\LoginUser.cs:line 35
   at Application.Behaviors.ValidationBehavior`2.Handle(TRequest request, RequestHandlerDelegate`1 next, CancellationToken cancellationToken) in C:\Users\sgurb\Documents\projects\CSharp\project-a\backend\srcs\core\Application\Behaviors\ValidationBehavior.cs:line 15
   at WebApi.Controllers.UserController.LoginUser(LoginUserRequest request) in C:\Users\sgurb\Documents\projects\CSharp\project-a\backend\srcs\WebApi\Controllers\UserController.cs:line 21
   at Microsoft.AspNetCore.Mvc.Infrastructure.ActionMethodExecutor.TaskOfIActionResultExecutor.Execute(ActionContext actionContext, IActionResultTypeMapper mapper, ObjectMethodExecutor executor, Object controller, Object[] arguments)
   at Microsoft.AspNetCore.Mvc.Infrastructure.ControllerActionInvoker.<InvokeActionMethodAsync>g__Logged|12_1(ControllerActionInvoker invoker)
   at Microsoft.AspNetCore.Mvc.Infrastructure.ControllerActionInvoker.<InvokeNextActionFilterAsync>g__Awaited|10_0(ControllerActionInvoker invoker, Task lastTask, State next, Scope scope, Object state, Boolean isCompleted)
   at Microsoft.AspNetCore.Mvc.Infrastructure.ControllerActionInvoker.Rethrow(ActionExecutedContextSealed context)
   at Microsoft.AspNetCore.Mvc.Infrastructure.ControllerActionInvoker.Next(State& next, Scope& scope, Object& state, Boolean& isCompleted)
   at Microsoft.AspNetCore.Mvc.Infrastructure.ControllerActionInvoker.<InvokeInnerFilterAsync>g__Awaited|13_0(ControllerActionInvoker invoker, Task lastTask, State next, Scope scope, Object state, Boolean isCompleted)
   at Microsoft.AspNetCore.Mvc.Infrastructure.ResourceInvoker.<InvokeFilterPipelineAsync>g__Awaited|20_0(ResourceInvoker invoker, Task lastTask, State next, Scope scope, Object state, Boolean isCompleted)
   at Microsoft.AspNetCore.Mvc.Infrastructure.ResourceInvoker.<InvokeAsync>g__Logged|17_1(ResourceInvoker invoker)
   at Microsoft.AspNetCore.Mvc.Infrastructure.ResourceInvoker.<InvokeAsync>g__Logged|17_1(ResourceInvoker invoker)
   at Microsoft.AspNetCore.Routing.EndpointMiddleware.<Invoke>g__AwaitRequestTask|7_0(Endpoint endpoint, Task requestTask, ILogger logger)
   at Microsoft.AspNetCore.Authorization.AuthorizationMiddleware.Invoke(HttpContext context)
   at Serilog.AspNetCore.RequestLoggingMiddleware.Invoke(HttpContext httpContext)
2025-02-18 06:02:55.848 +03:00 [ERR] An unhandled exception has occurred while executing the request.
System.NullReferenceException: Object reference not set to an instance of an object.
   at Application.Features.Users.LoginUserHandler.Handle(LoginUserRequest request, CancellationToken cancellationToken) in C:\Users\sgurb\Documents\projects\CSharp\project-a\backend\srcs\core\Application\Features\Users\LoginUser.cs:line 35
   at Application.Behaviors.ValidationBehavior`2.Handle(TRequest request, RequestHandlerDelegate`1 next, CancellationToken cancellationToken) in C:\Users\sgurb\Documents\projects\CSharp\project-a\backend\srcs\core\Application\Behaviors\ValidationBehavior.cs:line 15
   at WebApi.Controllers.UserController.LoginUser(LoginUserRequest request) in C:\Users\sgurb\Documents\projects\CSharp\project-a\backend\srcs\WebApi\Controllers\UserController.cs:line 21
   at Microsoft.AspNetCore.Mvc.Infrastructure.ActionMethodExecutor.TaskOfIActionResultExecutor.Execute(ActionContext actionContext, IActionResultTypeMapper mapper, ObjectMethodExecutor executor, Object controller, Object[] arguments)
   at Microsoft.AspNetCore.Mvc.Infrastructure.ControllerActionInvoker.<InvokeActionMethodAsync>g__Logged|12_1(ControllerActionInvoker invoker)
   at Microsoft.AspNetCore.Mvc.Infrastructure.ControllerActionInvoker.<InvokeNextActionFilterAsync>g__Awaited|10_0(ControllerActionInvoker invoker, Task lastTask, State next, Scope scope, Object state, Boolean isCompleted)
   at Microsoft.AspNetCore.Mvc.Infrastructure.ControllerActionInvoker.Rethrow(ActionExecutedContextSealed context)
   at Microsoft.AspNetCore.Mvc.Infrastructure.ControllerActionInvoker.Next(State& next, Scope& scope, Object& state, Boolean& isCompleted)
   at Microsoft.AspNetCore.Mvc.Infrastructure.ControllerActionInvoker.<InvokeInnerFilterAsync>g__Awaited|13_0(ControllerActionInvoker invoker, Task lastTask, State next, Scope scope, Object state, Boolean isCompleted)
   at Microsoft.AspNetCore.Mvc.Infrastructure.ResourceInvoker.<InvokeFilterPipelineAsync>g__Awaited|20_0(ResourceInvoker invoker, Task lastTask, State next, Scope scope, Object state, Boolean isCompleted)
   at Microsoft.AspNetCore.Mvc.Infrastructure.ResourceInvoker.<InvokeAsync>g__Logged|17_1(ResourceInvoker invoker)
   at Microsoft.AspNetCore.Mvc.Infrastructure.ResourceInvoker.<InvokeAsync>g__Logged|17_1(ResourceInvoker invoker)
   at Microsoft.AspNetCore.Routing.EndpointMiddleware.<Invoke>g__AwaitRequestTask|7_0(Endpoint endpoint, Task requestTask, ILogger logger)
   at Microsoft.AspNetCore.Authorization.AuthorizationMiddleware.Invoke(HttpContext context)
   at Serilog.AspNetCore.RequestLoggingMiddleware.Invoke(HttpContext httpContext)
   at Microsoft.AspNetCore.Authentication.AuthenticationMiddleware.Invoke(HttpContext context)
   at Microsoft.AspNetCore.Diagnostics.DeveloperExceptionPageMiddlewareImpl.Invoke(HttpContext context)
2025-02-18 06:02:55.856 +03:00 [INF] Request finished HTTP/1.1 POST http://localhost:8080/api/User/LoginUser - 500 null text/plain; charset=utf-8 175.0914ms
2025-02-18 06:06:46.979 +03:00 [INF] Application is shutting down...
2025-02-18 06:06:46.991 +03:00 [INF] Uygulama Durduruldu
2025-02-18 06:06:50.880 +03:00 [INF] User profile is available. Using 'C:\Users\sgurb\AppData\Local\ASP.NET\DataProtection-Keys' as key repository and Windows DPAPI to encrypt keys at rest.
2025-02-18 06:06:51.337 +03:00 [INF] Now listening on: http://localhost:8080
2025-02-18 06:06:51.339 +03:00 [INF] Application started. Press Ctrl+C to shut down.
2025-02-18 06:06:51.340 +03:00 [INF] Hosting environment: Development
2025-02-18 06:06:51.341 +03:00 [INF] Content root path: C:\Users\sgurb\Documents\projects\CSharp\project-a\backend\srcs\WebApi
2025-02-18 06:06:51.342 +03:00 [INF] Çalışma Ortamı: Development
2025-02-18 06:06:51.345 +03:00 [INF] Uygulama Başlatıldı
2025-02-18 06:06:51.819 +03:00 [INF] Request starting HTTP/1.1 GET http://localhost:8080/scalar/v1 - null null
2025-02-18 06:06:51.884 +03:00 [WRN] Failed to determine the https port for redirect.
2025-02-18 06:06:51.890 +03:00 [INF] Executing endpoint 'HTTP: GET /scalar/{documentName?}'
2025-02-18 06:06:51.942 +03:00 [INF] Write content with HTTP Response ContentType of text/html
2025-02-18 06:06:51.945 +03:00 [INF] Executed endpoint 'HTTP: GET /scalar/{documentName?}'
2025-02-18 06:06:51.949 +03:00 [INF] HTTP GET /scalar/v1 responded 200 in 60.3853 ms
2025-02-18 06:06:51.963 +03:00 [INF] Request finished HTTP/1.1 GET http://localhost:8080/scalar/v1 - 200 1038 text/html 146.2888ms
2025-02-18 06:06:51.986 +03:00 [INF] Request starting HTTP/1.1 GET http://localhost:8080/scalar/scalar.aspnetcore.js - null null
2025-02-18 06:06:51.986 +03:00 [INF] Request starting HTTP/1.1 GET http://localhost:8080/scalar/scalar.js - null null
2025-02-18 06:06:51.993 +03:00 [INF] Executing endpoint 'HTTP: GET /scalar/scalar.aspnetcore.js'
2025-02-18 06:06:51.993 +03:00 [INF] Executing endpoint 'HTTP: GET /scalar/scalar.js'
2025-02-18 06:06:52.004 +03:00 [INF] Setting HTTP status code 304.
2025-02-18 06:06:52.004 +03:00 [INF] Setting HTTP status code 304.
2025-02-18 06:06:52.006 +03:00 [INF] Executed endpoint 'HTTP: GET /scalar/scalar.js'
2025-02-18 06:06:52.007 +03:00 [INF] Executed endpoint 'HTTP: GET /scalar/scalar.aspnetcore.js'
2025-02-18 06:06:52.007 +03:00 [INF] HTTP GET /scalar/scalar.js responded 304 in 14.1074 ms
2025-02-18 06:06:52.008 +03:00 [INF] HTTP GET /scalar/scalar.aspnetcore.js responded 304 in 14.8262 ms
2025-02-18 06:06:52.010 +03:00 [INF] Request finished HTTP/1.1 GET http://localhost:8080/scalar/scalar.js - 304 null null 25.059ms
2025-02-18 06:06:52.011 +03:00 [INF] Request finished HTTP/1.1 GET http://localhost:8080/scalar/scalar.aspnetcore.js - 304 null null 26.4278ms
2025-02-18 06:06:52.117 +03:00 [INF] Request starting HTTP/1.1 GET http://localhost:8080/openapi/v1.json - null null
2025-02-18 06:06:52.122 +03:00 [INF] Executing endpoint 'HTTP: GET /openapi/{documentName}.json'
2025-02-18 06:06:52.302 +03:00 [INF] Executed endpoint 'HTTP: GET /openapi/{documentName}.json'
2025-02-18 06:06:52.303 +03:00 [INF] HTTP GET /openapi/v1.json responded 200 in 181.0640 ms
2025-02-18 06:06:52.305 +03:00 [INF] Request finished HTTP/1.1 GET http://localhost:8080/openapi/v1.json - 200 null application/json;charset=utf-8 187.6817ms
2025-02-18 06:06:55.867 +03:00 [INF] Request starting HTTP/1.1 POST http://localhost:8080/api/User/LoginUser - application/json 64
2025-02-18 06:06:55.870 +03:00 [INF] Executing endpoint 'WebApi.Controllers.UserController.LoginUser (WebApi)'
2025-02-18 06:06:55.885 +03:00 [INF] Route matched with {action = "LoginUser", controller = "User"}. Executing controller action with signature System.Threading.Tasks.Task`1[Microsoft.AspNetCore.Mvc.IActionResult] LoginUser(Application.Features.Users.LoginUserRequest) on controller WebApi.Controllers.UserController (WebApi).
2025-02-18 06:06:55.914 +03:00 [INF] Executing action method WebApi.Controllers.UserController.LoginUser (WebApi) - Validation state: "Valid"
2025-02-18 06:06:56.012 +03:00 [INF] Executed action WebApi.Controllers.UserController.LoginUser (WebApi) in 121.8074ms
2025-02-18 06:06:56.014 +03:00 [INF] Executed endpoint 'WebApi.Controllers.UserController.LoginUser (WebApi)'
2025-02-18 06:06:56.016 +03:00 [ERR] HTTP POST /api/User/LoginUser responded 500 in 147.1239 ms
System.InvalidOperationException: Sequence contains no elements
   at System.Linq.ThrowHelper.ThrowNoElementsException()
   at System.Linq.Enumerable.First[TSource](IEnumerable`1 source)
   at Application.Features.Users.LoginUserHandler.Handle(LoginUserRequest request, CancellationToken cancellationToken) in C:\Users\sgurb\Documents\projects\CSharp\project-a\backend\srcs\core\Application\Features\Users\LoginUser.cs:line 36
   at Application.Behaviors.ValidationBehavior`2.Handle(TRequest request, RequestHandlerDelegate`1 next, CancellationToken cancellationToken) in C:\Users\sgurb\Documents\projects\CSharp\project-a\backend\srcs\core\Application\Behaviors\ValidationBehavior.cs:line 15
   at WebApi.Controllers.UserController.LoginUser(LoginUserRequest request) in C:\Users\sgurb\Documents\projects\CSharp\project-a\backend\srcs\WebApi\Controllers\UserController.cs:line 21
   at Microsoft.AspNetCore.Mvc.Infrastructure.ActionMethodExecutor.TaskOfIActionResultExecutor.Execute(ActionContext actionContext, IActionResultTypeMapper mapper, ObjectMethodExecutor executor, Object controller, Object[] arguments)
   at Microsoft.AspNetCore.Mvc.Infrastructure.ControllerActionInvoker.<InvokeActionMethodAsync>g__Logged|12_1(ControllerActionInvoker invoker)
   at Microsoft.AspNetCore.Mvc.Infrastructure.ControllerActionInvoker.<InvokeNextActionFilterAsync>g__Awaited|10_0(ControllerActionInvoker invoker, Task lastTask, State next, Scope scope, Object state, Boolean isCompleted)
   at Microsoft.AspNetCore.Mvc.Infrastructure.ControllerActionInvoker.Rethrow(ActionExecutedContextSealed context)
   at Microsoft.AspNetCore.Mvc.Infrastructure.ControllerActionInvoker.Next(State& next, Scope& scope, Object& state, Boolean& isCompleted)
   at Microsoft.AspNetCore.Mvc.Infrastructure.ControllerActionInvoker.<InvokeInnerFilterAsync>g__Awaited|13_0(ControllerActionInvoker invoker, Task lastTask, State next, Scope scope, Object state, Boolean isCompleted)
   at Microsoft.AspNetCore.Mvc.Infrastructure.ResourceInvoker.<InvokeFilterPipelineAsync>g__Awaited|20_0(ResourceInvoker invoker, Task lastTask, State next, Scope scope, Object state, Boolean isCompleted)
   at Microsoft.AspNetCore.Mvc.Infrastructure.ResourceInvoker.<InvokeAsync>g__Logged|17_1(ResourceInvoker invoker)
   at Microsoft.AspNetCore.Mvc.Infrastructure.ResourceInvoker.<InvokeAsync>g__Logged|17_1(ResourceInvoker invoker)
   at Microsoft.AspNetCore.Routing.EndpointMiddleware.<Invoke>g__AwaitRequestTask|7_0(Endpoint endpoint, Task requestTask, ILogger logger)
   at Microsoft.AspNetCore.Authorization.AuthorizationMiddleware.Invoke(HttpContext context)
   at Serilog.AspNetCore.RequestLoggingMiddleware.Invoke(HttpContext httpContext)
2025-02-18 06:06:56.036 +03:00 [ERR] An unhandled exception has occurred while executing the request.
System.InvalidOperationException: Sequence contains no elements
   at System.Linq.ThrowHelper.ThrowNoElementsException()
   at System.Linq.Enumerable.First[TSource](IEnumerable`1 source)
   at Application.Features.Users.LoginUserHandler.Handle(LoginUserRequest request, CancellationToken cancellationToken) in C:\Users\sgurb\Documents\projects\CSharp\project-a\backend\srcs\core\Application\Features\Users\LoginUser.cs:line 36
   at Application.Behaviors.ValidationBehavior`2.Handle(TRequest request, RequestHandlerDelegate`1 next, CancellationToken cancellationToken) in C:\Users\sgurb\Documents\projects\CSharp\project-a\backend\srcs\core\Application\Behaviors\ValidationBehavior.cs:line 15
   at WebApi.Controllers.UserController.LoginUser(LoginUserRequest request) in C:\Users\sgurb\Documents\projects\CSharp\project-a\backend\srcs\WebApi\Controllers\UserController.cs:line 21
   at Microsoft.AspNetCore.Mvc.Infrastructure.ActionMethodExecutor.TaskOfIActionResultExecutor.Execute(ActionContext actionContext, IActionResultTypeMapper mapper, ObjectMethodExecutor executor, Object controller, Object[] arguments)
   at Microsoft.AspNetCore.Mvc.Infrastructure.ControllerActionInvoker.<InvokeActionMethodAsync>g__Logged|12_1(ControllerActionInvoker invoker)
   at Microsoft.AspNetCore.Mvc.Infrastructure.ControllerActionInvoker.<InvokeNextActionFilterAsync>g__Awaited|10_0(ControllerActionInvoker invoker, Task lastTask, State next, Scope scope, Object state, Boolean isCompleted)
   at Microsoft.AspNetCore.Mvc.Infrastructure.ControllerActionInvoker.Rethrow(ActionExecutedContextSealed context)
   at Microsoft.AspNetCore.Mvc.Infrastructure.ControllerActionInvoker.Next(State& next, Scope& scope, Object& state, Boolean& isCompleted)
   at Microsoft.AspNetCore.Mvc.Infrastructure.ControllerActionInvoker.<InvokeInnerFilterAsync>g__Awaited|13_0(ControllerActionInvoker invoker, Task lastTask, State next, Scope scope, Object state, Boolean isCompleted)
   at Microsoft.AspNetCore.Mvc.Infrastructure.ResourceInvoker.<InvokeFilterPipelineAsync>g__Awaited|20_0(ResourceInvoker invoker, Task lastTask, State next, Scope scope, Object state, Boolean isCompleted)
   at Microsoft.AspNetCore.Mvc.Infrastructure.ResourceInvoker.<InvokeAsync>g__Logged|17_1(ResourceInvoker invoker)
   at Microsoft.AspNetCore.Mvc.Infrastructure.ResourceInvoker.<InvokeAsync>g__Logged|17_1(ResourceInvoker invoker)
   at Microsoft.AspNetCore.Routing.EndpointMiddleware.<Invoke>g__AwaitRequestTask|7_0(Endpoint endpoint, Task requestTask, ILogger logger)
   at Microsoft.AspNetCore.Authorization.AuthorizationMiddleware.Invoke(HttpContext context)
   at Serilog.AspNetCore.RequestLoggingMiddleware.Invoke(HttpContext httpContext)
   at Microsoft.AspNetCore.Authentication.AuthenticationMiddleware.Invoke(HttpContext context)
   at Microsoft.AspNetCore.Diagnostics.DeveloperExceptionPageMiddlewareImpl.Invoke(HttpContext context)
2025-02-18 06:06:56.044 +03:00 [INF] Request finished HTTP/1.1 POST http://localhost:8080/api/User/LoginUser - 500 null text/plain; charset=utf-8 176.7609ms
2025-02-18 06:07:50.984 +03:00 [INF] Application is shutting down...
2025-02-18 06:07:51.004 +03:00 [INF] Uygulama Durduruldu
2025-02-18 06:07:54.840 +03:00 [INF] User profile is available. Using 'C:\Users\sgurb\AppData\Local\ASP.NET\DataProtection-Keys' as key repository and Windows DPAPI to encrypt keys at rest.
2025-02-18 06:07:55.356 +03:00 [INF] Now listening on: http://localhost:8080
2025-02-18 06:07:55.359 +03:00 [INF] Application started. Press Ctrl+C to shut down.
2025-02-18 06:07:55.359 +03:00 [INF] Hosting environment: Development
2025-02-18 06:07:55.360 +03:00 [INF] Content root path: C:\Users\sgurb\Documents\projects\CSharp\project-a\backend\srcs\WebApi
2025-02-18 06:07:55.361 +03:00 [INF] Çalışma Ortamı: Development
2025-02-18 06:07:55.364 +03:00 [INF] Uygulama Başlatıldı
2025-02-18 06:07:55.730 +03:00 [INF] Request starting HTTP/1.1 GET http://localhost:8080/scalar/v1 - null null
2025-02-18 06:07:55.791 +03:00 [WRN] Failed to determine the https port for redirect.
2025-02-18 06:07:55.799 +03:00 [INF] Executing endpoint 'HTTP: GET /scalar/{documentName?}'
2025-02-18 06:07:55.859 +03:00 [INF] Write content with HTTP Response ContentType of text/html
2025-02-18 06:07:55.861 +03:00 [INF] Executed endpoint 'HTTP: GET /scalar/{documentName?}'
2025-02-18 06:07:55.865 +03:00 [INF] HTTP GET /scalar/v1 responded 200 in 68.6418 ms
2025-02-18 06:07:55.876 +03:00 [INF] Request finished HTTP/1.1 GET http://localhost:8080/scalar/v1 - 200 1038 text/html 147.7366ms
2025-02-18 06:07:55.919 +03:00 [INF] Request starting HTTP/1.1 GET http://localhost:8080/scalar/scalar.js - null null
2025-02-18 06:07:55.919 +03:00 [INF] Request starting HTTP/1.1 GET http://localhost:8080/scalar/scalar.aspnetcore.js - null null
2025-02-18 06:07:55.923 +03:00 [INF] Executing endpoint 'HTTP: GET /scalar/scalar.js'
2025-02-18 06:07:55.924 +03:00 [INF] Executing endpoint 'HTTP: GET /scalar/scalar.aspnetcore.js'
2025-02-18 06:07:55.930 +03:00 [INF] Setting HTTP status code 304.
2025-02-18 06:07:55.930 +03:00 [INF] Setting HTTP status code 304.
2025-02-18 06:07:55.931 +03:00 [INF] Executed endpoint 'HTTP: GET /scalar/scalar.js'
2025-02-18 06:07:55.932 +03:00 [INF] Executed endpoint 'HTTP: GET /scalar/scalar.aspnetcore.js'
2025-02-18 06:07:55.932 +03:00 [INF] HTTP GET /scalar/scalar.js responded 304 in 9.2043 ms
2025-02-18 06:07:55.933 +03:00 [INF] HTTP GET /scalar/scalar.aspnetcore.js responded 304 in 8.4984 ms
2025-02-18 06:07:55.934 +03:00 [INF] Request finished HTTP/1.1 GET http://localhost:8080/scalar/scalar.js - 304 null null 16.1831ms
2025-02-18 06:07:55.936 +03:00 [INF] Request finished HTTP/1.1 GET http://localhost:8080/scalar/scalar.aspnetcore.js - 304 null null 17.9105ms
2025-02-18 06:07:56.041 +03:00 [INF] Request starting HTTP/1.1 GET http://localhost:8080/openapi/v1.json - null null
2025-02-18 06:07:56.043 +03:00 [INF] Executing endpoint 'HTTP: GET /openapi/{documentName}.json'
2025-02-18 06:07:56.231 +03:00 [INF] Executed endpoint 'HTTP: GET /openapi/{documentName}.json'
2025-02-18 06:07:56.232 +03:00 [INF] HTTP GET /openapi/v1.json responded 200 in 189.3207 ms
2025-02-18 06:07:56.234 +03:00 [INF] Request finished HTTP/1.1 GET http://localhost:8080/openapi/v1.json - 200 null application/json;charset=utf-8 193.3347ms
2025-02-18 06:07:58.132 +03:00 [INF] Request starting HTTP/1.1 POST http://localhost:8080/api/User/LoginUser - application/json 64
2025-02-18 06:07:58.137 +03:00 [INF] Executing endpoint 'WebApi.Controllers.UserController.LoginUser (WebApi)'
2025-02-18 06:07:58.151 +03:00 [INF] Route matched with {action = "LoginUser", controller = "User"}. Executing controller action with signature System.Threading.Tasks.Task`1[Microsoft.AspNetCore.Mvc.IActionResult] LoginUser(Application.Features.Users.LoginUserRequest) on controller WebApi.Controllers.UserController (WebApi).
2025-02-18 06:07:58.183 +03:00 [INF] Executing action method WebApi.Controllers.UserController.LoginUser (WebApi) - Validation state: "Valid"
2025-02-18 06:07:58.418 +03:00 [INF] Executed action method WebApi.Controllers.UserController.LoginUser (WebApi), returned result Microsoft.AspNetCore.Mvc.OkObjectResult in 228.4344ms.
2025-02-18 06:07:58.430 +03:00 [INF] Executing OkObjectResult, writing value of type 'TS.Result.Result`1[[Domain.Dtos.TokenDto, Domain, Version=1.0.0.0, Culture=neutral, PublicKeyToken=null]]'.
2025-02-18 06:07:58.453 +03:00 [INF] Executed action WebApi.Controllers.UserController.LoginUser (WebApi) in 294.9551ms
2025-02-18 06:07:58.455 +03:00 [INF] Executed endpoint 'WebApi.Controllers.UserController.LoginUser (WebApi)'
2025-02-18 06:07:58.457 +03:00 [INF] HTTP POST /api/User/LoginUser responded 200 in 322.1337 ms
2025-02-18 06:07:58.461 +03:00 [INF] Request finished HTTP/1.1 POST http://localhost:8080/api/User/LoginUser - 200 null application/json; charset=utf-8 328.5667ms
2025-02-18 06:08:31.422 +03:00 [INF] Request starting HTTP/1.1 POST http://localhost:8080/api/User/LoginUser - application/json 65
2025-02-18 06:08:31.427 +03:00 [INF] Executing endpoint 'WebApi.Controllers.UserController.LoginUser (WebApi)'
2025-02-18 06:08:31.428 +03:00 [INF] Route matched with {action = "LoginUser", controller = "User"}. Executing controller action with signature System.Threading.Tasks.Task`1[Microsoft.AspNetCore.Mvc.IActionResult] LoginUser(Application.Features.Users.LoginUserRequest) on controller WebApi.Controllers.UserController (WebApi).
2025-02-18 06:08:31.431 +03:00 [INF] Executing action method WebApi.Controllers.UserController.LoginUser (WebApi) - Validation state: "Valid"
2025-02-18 06:08:31.437 +03:00 [INF] Executed action method WebApi.Controllers.UserController.LoginUser (WebApi), returned result Microsoft.AspNetCore.Mvc.OkObjectResult in 5.1739ms.
2025-02-18 06:08:31.438 +03:00 [INF] Executing OkObjectResult, writing value of type 'TS.Result.Result`1[[Domain.Dtos.TokenDto, Domain, Version=1.0.0.0, Culture=neutral, PublicKeyToken=null]]'.
2025-02-18 06:08:31.440 +03:00 [INF] Executed action WebApi.Controllers.UserController.LoginUser (WebApi) in 10.1025ms
2025-02-18 06:08:31.441 +03:00 [INF] Executed endpoint 'WebApi.Controllers.UserController.LoginUser (WebApi)'
2025-02-18 06:08:31.441 +03:00 [INF] HTTP POST /api/User/LoginUser responded 200 in 15.4804 ms
2025-02-18 06:08:31.443 +03:00 [INF] Request finished HTTP/1.1 POST http://localhost:8080/api/User/LoginUser - 200 null application/json; charset=utf-8 20.9015ms
2025-02-18 06:09:45.431 +03:00 [INF] Request starting HTTP/1.1 POST http://localhost:8080/api/User/LoginUser - application/json 65
2025-02-18 06:09:45.435 +03:00 [INF] Executing endpoint 'WebApi.Controllers.UserController.LoginUser (WebApi)'
2025-02-18 06:09:45.436 +03:00 [INF] Route matched with {action = "LoginUser", controller = "User"}. Executing controller action with signature System.Threading.Tasks.Task`1[Microsoft.AspNetCore.Mvc.IActionResult] LoginUser(Application.Features.Users.LoginUserRequest) on controller WebApi.Controllers.UserController (WebApi).
2025-02-18 06:09:45.438 +03:00 [INF] Executing action method WebApi.Controllers.UserController.LoginUser (WebApi) - Validation state: "Valid"
2025-02-18 06:09:45.444 +03:00 [INF] Executed action method WebApi.Controllers.UserController.LoginUser (WebApi), returned result Microsoft.AspNetCore.Mvc.OkObjectResult in 5.1184ms.
2025-02-18 06:09:45.446 +03:00 [INF] Executing OkObjectResult, writing value of type 'TS.Result.Result`1[[Domain.Dtos.TokenDto, Domain, Version=1.0.0.0, Culture=neutral, PublicKeyToken=null]]'.
2025-02-18 06:09:45.447 +03:00 [INF] Executed action WebApi.Controllers.UserController.LoginUser (WebApi) in 9.2461ms
2025-02-18 06:09:45.448 +03:00 [INF] Executed endpoint 'WebApi.Controllers.UserController.LoginUser (WebApi)'
2025-02-18 06:09:45.449 +03:00 [INF] HTTP POST /api/User/LoginUser responded 200 in 15.1915 ms
2025-02-18 06:09:45.450 +03:00 [INF] Request finished HTTP/1.1 POST http://localhost:8080/api/User/LoginUser - 200 null application/json; charset=utf-8 18.851ms
2025-02-18 06:10:06.987 +03:00 [INF] Request starting HTTP/1.1 POST http://localhost:8080/api/User/LoginUser - application/json 65
2025-02-18 06:10:06.989 +03:00 [INF] Executing endpoint 'WebApi.Controllers.UserController.LoginUser (WebApi)'
2025-02-18 06:10:06.990 +03:00 [INF] Route matched with {action = "LoginUser", controller = "User"}. Executing controller action with signature System.Threading.Tasks.Task`1[Microsoft.AspNetCore.Mvc.IActionResult] LoginUser(Application.Features.Users.LoginUserRequest) on controller WebApi.Controllers.UserController (WebApi).
2025-02-18 06:10:06.992 +03:00 [INF] Executing action method WebApi.Controllers.UserController.LoginUser (WebApi) - Validation state: "Valid"
2025-02-18 06:10:06.995 +03:00 [INF] Executed action method WebApi.Controllers.UserController.LoginUser (WebApi), returned result Microsoft.AspNetCore.Mvc.OkObjectResult in 2.0763ms.
2025-02-18 06:10:06.996 +03:00 [INF] Executing OkObjectResult, writing value of type 'TS.Result.Result`1[[Domain.Dtos.TokenDto, Domain, Version=1.0.0.0, Culture=neutral, PublicKeyToken=null]]'.
2025-02-18 06:10:06.997 +03:00 [INF] Executed action WebApi.Controllers.UserController.LoginUser (WebApi) in 5.8161ms
2025-02-18 06:10:06.998 +03:00 [INF] Executed endpoint 'WebApi.Controllers.UserController.LoginUser (WebApi)'
2025-02-18 06:10:06.999 +03:00 [INF] HTTP POST /api/User/LoginUser responded 200 in 9.4968 ms
2025-02-18 06:10:07.000 +03:00 [INF] Request finished HTTP/1.1 POST http://localhost:8080/api/User/LoginUser - 200 null application/json; charset=utf-8 12.7538ms
2025-02-18 06:11:04.855 +03:00 [INF] Application is shutting down...
2025-02-18 06:11:04.869 +03:00 [INF] Uygulama Durduruldu
2025-02-18 06:11:08.626 +03:00 [INF] User profile is available. Using 'C:\Users\sgurb\AppData\Local\ASP.NET\DataProtection-Keys' as key repository and Windows DPAPI to encrypt keys at rest.
2025-02-18 06:11:09.143 +03:00 [INF] Now listening on: http://localhost:8080
2025-02-18 06:11:09.145 +03:00 [INF] Application started. Press Ctrl+C to shut down.
2025-02-18 06:11:09.146 +03:00 [INF] Hosting environment: Development
2025-02-18 06:11:09.146 +03:00 [INF] Content root path: C:\Users\sgurb\Documents\projects\CSharp\project-a\backend\srcs\WebApi
2025-02-18 06:11:09.148 +03:00 [INF] Çalışma Ortamı: Development
2025-02-18 06:11:09.151 +03:00 [INF] Uygulama Başlatıldı
2025-02-18 06:11:09.554 +03:00 [INF] Request starting HTTP/1.1 GET http://localhost:8080/scalar/v1 - null null
2025-02-18 06:11:09.637 +03:00 [WRN] Failed to determine the https port for redirect.
2025-02-18 06:11:09.645 +03:00 [INF] Executing endpoint 'HTTP: GET /scalar/{documentName?}'
2025-02-18 06:11:09.702 +03:00 [INF] Write content with HTTP Response ContentType of text/html
2025-02-18 06:11:09.705 +03:00 [INF] Executed endpoint 'HTTP: GET /scalar/{documentName?}'
2025-02-18 06:11:09.709 +03:00 [INF] HTTP GET /scalar/v1 responded 200 in 66.4231 ms
2025-02-18 06:11:09.726 +03:00 [INF] Request finished HTTP/1.1 GET http://localhost:8080/scalar/v1 - 200 1038 text/html 174.767ms
2025-02-18 06:11:09.754 +03:00 [INF] Request starting HTTP/1.1 GET http://localhost:8080/scalar/scalar.js - null null
2025-02-18 06:11:09.754 +03:00 [INF] Request starting HTTP/1.1 GET http://localhost:8080/scalar/scalar.aspnetcore.js - null null
2025-02-18 06:11:09.761 +03:00 [INF] Executing endpoint 'HTTP: GET /scalar/scalar.js'
2025-02-18 06:11:09.762 +03:00 [INF] Executing endpoint 'HTTP: GET /scalar/scalar.aspnetcore.js'
2025-02-18 06:11:09.766 +03:00 [INF] Sending file with download name ''.
2025-02-18 06:11:09.768 +03:00 [INF] Setting HTTP status code 304.
2025-02-18 06:11:09.769 +03:00 [INF] Executed endpoint 'HTTP: GET /scalar/scalar.js'
2025-02-18 06:11:09.770 +03:00 [INF] Executed endpoint 'HTTP: GET /scalar/scalar.aspnetcore.js'
2025-02-18 06:11:09.770 +03:00 [INF] HTTP GET /scalar/scalar.js responded 304 in 9.1484 ms
2025-02-18 06:11:09.771 +03:00 [INF] HTTP GET /scalar/scalar.aspnetcore.js responded 200 in 9.3011 ms
2025-02-18 06:11:09.774 +03:00 [INF] Request finished HTTP/1.1 GET http://localhost:8080/scalar/scalar.js - 304 null null 21.1536ms
2025-02-18 06:11:09.775 +03:00 [INF] Request finished HTTP/1.1 GET http://localhost:8080/scalar/scalar.aspnetcore.js - 200 418 text/javascript 22.7374ms
2025-02-18 06:11:09.926 +03:00 [INF] Request starting HTTP/1.1 GET http://localhost:8080/openapi/v1.json - null null
2025-02-18 06:11:09.928 +03:00 [INF] Executing endpoint 'HTTP: GET /openapi/{documentName}.json'
2025-02-18 06:11:10.131 +03:00 [INF] Executed endpoint 'HTTP: GET /openapi/{documentName}.json'
2025-02-18 06:11:10.132 +03:00 [INF] HTTP GET /openapi/v1.json responded 200 in 203.7106 ms
2025-02-18 06:11:10.133 +03:00 [INF] Request finished HTTP/1.1 GET http://localhost:8080/openapi/v1.json - 200 null application/json;charset=utf-8 207.3498ms
2025-02-18 06:11:12.617 +03:00 [INF] Request starting HTTP/1.1 POST http://localhost:8080/api/User/LoginUser - application/json 65
2025-02-18 06:11:12.620 +03:00 [INF] Executing endpoint 'WebApi.Controllers.UserController.LoginUser (WebApi)'
2025-02-18 06:11:12.636 +03:00 [INF] Route matched with {action = "LoginUser", controller = "User"}. Executing controller action with signature System.Threading.Tasks.Task`1[Microsoft.AspNetCore.Mvc.IActionResult] LoginUser(Application.Features.Users.LoginUserRequest) on controller WebApi.Controllers.UserController (WebApi).
2025-02-18 06:11:12.666 +03:00 [INF] Executing action method WebApi.Controllers.UserController.LoginUser (WebApi) - Validation state: "Valid"
2025-02-18 06:11:12.750 +03:00 [INF] Executed action method WebApi.Controllers.UserController.LoginUser (WebApi), returned result Microsoft.AspNetCore.Mvc.OkObjectResult in 78.6302ms.
2025-02-18 06:11:12.761 +03:00 [INF] Executing OkObjectResult, writing value of type 'TS.Result.Result`1[[Domain.Dtos.TokenDto, Domain, Version=1.0.0.0, Culture=neutral, PublicKeyToken=null]]'.
2025-02-18 06:11:12.782 +03:00 [INF] Executed action WebApi.Controllers.UserController.LoginUser (WebApi) in 140.3125ms
2025-02-18 06:11:12.784 +03:00 [INF] Executed endpoint 'WebApi.Controllers.UserController.LoginUser (WebApi)'
2025-02-18 06:11:12.786 +03:00 [INF] HTTP POST /api/User/LoginUser responded 200 in 167.0497 ms
2025-02-18 06:11:12.789 +03:00 [INF] Request finished HTTP/1.1 POST http://localhost:8080/api/User/LoginUser - 200 null application/json; charset=utf-8 171.8315ms
2025-02-18 06:14:08.834 +03:00 [INF] Application is shutting down...
2025-02-18 06:14:08.847 +03:00 [INF] Uygulama Durduruldu
2025-02-18 06:14:14.936 +03:00 [INF] User profile is available. Using 'C:\Users\sgurb\AppData\Local\ASP.NET\DataProtection-Keys' as key repository and Windows DPAPI to encrypt keys at rest.
2025-02-18 06:14:15.581 +03:00 [INF] Now listening on: http://localhost:8080
2025-02-18 06:14:15.583 +03:00 [INF] Application started. Press Ctrl+C to shut down.
2025-02-18 06:14:15.584 +03:00 [INF] Hosting environment: Development
2025-02-18 06:14:15.585 +03:00 [INF] Content root path: C:\Users\sgurb\Documents\projects\CSharp\project-a\backend\srcs\WebApi
2025-02-18 06:14:15.587 +03:00 [INF] Çalışma Ortamı: Development
2025-02-18 06:14:15.590 +03:00 [INF] Uygulama Başlatıldı
2025-02-18 06:14:15.942 +03:00 [INF] Request starting HTTP/1.1 GET http://localhost:8080/scalar/v1 - null null
2025-02-18 06:14:16.005 +03:00 [WRN] Failed to determine the https port for redirect.
2025-02-18 06:14:16.010 +03:00 [INF] Executing endpoint 'HTTP: GET /scalar/{documentName?}'
2025-02-18 06:14:16.069 +03:00 [INF] Write content with HTTP Response ContentType of text/html
2025-02-18 06:14:16.071 +03:00 [INF] Executed endpoint 'HTTP: GET /scalar/{documentName?}'
2025-02-18 06:14:16.076 +03:00 [INF] HTTP GET /scalar/v1 responded 200 in 65.8654 ms
2025-02-18 06:14:16.091 +03:00 [INF] Request finished HTTP/1.1 GET http://localhost:8080/scalar/v1 - 200 1038 text/html 150.9576ms
2025-02-18 06:14:16.175 +03:00 [INF] Request starting HTTP/1.1 GET http://localhost:8080/scalar/scalar.js - null null
2025-02-18 06:14:16.175 +03:00 [INF] Request starting HTTP/1.1 GET http://localhost:8080/scalar/scalar.aspnetcore.js - null null
2025-02-18 06:14:16.181 +03:00 [INF] Executing endpoint 'HTTP: GET /scalar/scalar.js'
2025-02-18 06:14:16.182 +03:00 [INF] Executing endpoint 'HTTP: GET /scalar/scalar.aspnetcore.js'
2025-02-18 06:14:16.185 +03:00 [INF] Sending file with download name ''.
2025-02-18 06:14:16.188 +03:00 [INF] Setting HTTP status code 304.
2025-02-18 06:14:16.189 +03:00 [INF] Executed endpoint 'HTTP: GET /scalar/scalar.js'
2025-02-18 06:14:16.189 +03:00 [INF] Executed endpoint 'HTTP: GET /scalar/scalar.aspnetcore.js'
2025-02-18 06:14:16.190 +03:00 [INF] HTTP GET /scalar/scalar.js responded 304 in 9.0851 ms
2025-02-18 06:14:16.191 +03:00 [INF] HTTP GET /scalar/scalar.aspnetcore.js responded 200 in 8.2731 ms
2025-02-18 06:14:16.192 +03:00 [INF] Request finished HTTP/1.1 GET http://localhost:8080/scalar/scalar.js - 304 null null 17.4392ms
2025-02-18 06:14:16.194 +03:00 [INF] Request finished HTTP/1.1 GET http://localhost:8080/scalar/scalar.aspnetcore.js - 200 418 text/javascript 19.5432ms
2025-02-18 06:14:16.387 +03:00 [INF] Request starting HTTP/1.1 GET http://localhost:8080/openapi/v1.json - null null
2025-02-18 06:14:16.391 +03:00 [INF] Executing endpoint 'HTTP: GET /openapi/{documentName}.json'
2025-02-18 06:14:16.620 +03:00 [INF] Executed endpoint 'HTTP: GET /openapi/{documentName}.json'
2025-02-18 06:14:16.621 +03:00 [INF] HTTP GET /openapi/v1.json responded 200 in 230.5848 ms
2025-02-18 06:14:16.624 +03:00 [INF] Request finished HTTP/1.1 GET http://localhost:8080/openapi/v1.json - 200 null application/json;charset=utf-8 236.2635ms
2025-02-18 06:14:16.630 +03:00 [INF] Request starting HTTP/1.1 GET http://localhost:8080/favicon.ico - null null
2025-02-18 06:14:16.635 +03:00 [INF] HTTP GET /favicon.ico responded 404 in 0.2024 ms
2025-02-18 06:14:16.636 +03:00 [INF] Request finished HTTP/1.1 GET http://localhost:8080/favicon.ico - 499 null null 6.5584ms
2025-02-18 06:14:16.640 +03:00 [INF] Request reached the end of the middleware pipeline without being handled by application code. Request path: GET http://localhost:8080/favicon.ico, Response status code: 499
2025-02-18 06:14:21.533 +03:00 [INF] Request starting HTTP/1.1 POST http://localhost:8080/api/User/LoginUser - application/json 65
2025-02-18 06:14:21.537 +03:00 [INF] Executing endpoint 'WebApi.Controllers.UserController.LoginUser (WebApi)'
2025-02-18 06:14:21.553 +03:00 [INF] Route matched with {action = "LoginUser", controller = "User"}. Executing controller action with signature System.Threading.Tasks.Task`1[Microsoft.AspNetCore.Mvc.IActionResult] LoginUser(Application.Features.Users.LoginUserRequest) on controller WebApi.Controllers.UserController (WebApi).
2025-02-18 06:14:21.583 +03:00 [INF] Executing action method WebApi.Controllers.UserController.LoginUser (WebApi) - Validation state: "Valid"
2025-02-18 06:14:21.668 +03:00 [INF] Executed action method WebApi.Controllers.UserController.LoginUser (WebApi), returned result Microsoft.AspNetCore.Mvc.BadRequestObjectResult in 79.7016ms.
2025-02-18 06:14:21.678 +03:00 [INF] Executing BadRequestObjectResult, writing value of type 'TS.Result.Result`1[[Domain.Dtos.TokenDto, Domain, Version=1.0.0.0, Culture=neutral, PublicKeyToken=null]]'.
2025-02-18 06:14:21.699 +03:00 [INF] Executed action WebApi.Controllers.UserController.LoginUser (WebApi) in 140.2328ms
2025-02-18 06:14:21.701 +03:00 [INF] Executed endpoint 'WebApi.Controllers.UserController.LoginUser (WebApi)'
2025-02-18 06:14:21.703 +03:00 [INF] HTTP POST /api/User/LoginUser responded 400 in 167.8166 ms
2025-02-18 06:14:21.707 +03:00 [INF] Request finished HTTP/1.1 POST http://localhost:8080/api/User/LoginUser - 400 null application/json; charset=utf-8 173.5285ms
2025-02-18 06:14:59.866 +03:00 [INF] Application is shutting down...
2025-02-18 06:14:59.880 +03:00 [INF] Uygulama Durduruldu
2025-02-18 06:15:04.680 +03:00 [INF] User profile is available. Using 'C:\Users\sgurb\AppData\Local\ASP.NET\DataProtection-Keys' as key repository and Windows DPAPI to encrypt keys at rest.
2025-02-18 06:15:05.179 +03:00 [INF] Now listening on: http://localhost:8080
2025-02-18 06:15:05.182 +03:00 [INF] Application started. Press Ctrl+C to shut down.
2025-02-18 06:15:05.183 +03:00 [INF] Hosting environment: Development
2025-02-18 06:15:05.183 +03:00 [INF] Content root path: C:\Users\sgurb\Documents\projects\CSharp\project-a\backend\srcs\WebApi
2025-02-18 06:15:05.185 +03:00 [INF] Çalışma Ortamı: Development
2025-02-18 06:15:05.188 +03:00 [INF] Uygulama Başlatıldı
2025-02-18 06:15:05.785 +03:00 [INF] Request starting HTTP/1.1 GET http://localhost:8080/scalar/v1 - null null
2025-02-18 06:15:05.854 +03:00 [WRN] Failed to determine the https port for redirect.
2025-02-18 06:15:05.860 +03:00 [INF] Executing endpoint 'HTTP: GET /scalar/{documentName?}'
2025-02-18 06:15:05.920 +03:00 [INF] Write content with HTTP Response ContentType of text/html
2025-02-18 06:15:05.926 +03:00 [INF] Executed endpoint 'HTTP: GET /scalar/{documentName?}'
2025-02-18 06:15:05.932 +03:00 [INF] HTTP GET /scalar/v1 responded 200 in 72.4289 ms
2025-02-18 06:15:05.946 +03:00 [INF] Request finished HTTP/1.1 GET http://localhost:8080/scalar/v1 - 200 1038 text/html 163.4108ms
2025-02-18 06:15:05.957 +03:00 [INF] Request starting HTTP/1.1 GET http://localhost:8080/scalar/scalar.aspnetcore.js - null null
2025-02-18 06:15:05.958 +03:00 [INF] Request starting HTTP/1.1 GET http://localhost:8080/scalar/scalar.js - null null
2025-02-18 06:15:05.963 +03:00 [INF] Executing endpoint 'HTTP: GET /scalar/scalar.js'
2025-02-18 06:15:05.963 +03:00 [INF] Executing endpoint 'HTTP: GET /scalar/scalar.aspnetcore.js'
2025-02-18 06:15:05.971 +03:00 [INF] Sending file with download name ''.
2025-02-18 06:15:05.975 +03:00 [INF] Setting HTTP status code 304.
2025-02-18 06:15:05.976 +03:00 [INF] Executed endpoint 'HTTP: GET /scalar/scalar.js'
2025-02-18 06:15:05.977 +03:00 [INF] Executed endpoint 'HTTP: GET /scalar/scalar.aspnetcore.js'
2025-02-18 06:15:05.978 +03:00 [INF] HTTP GET /scalar/scalar.js responded 304 in 14.3202 ms
2025-02-18 06:15:05.979 +03:00 [INF] HTTP GET /scalar/scalar.aspnetcore.js responded 200 in 15.5700 ms
2025-02-18 06:15:05.981 +03:00 [INF] Request finished HTTP/1.1 GET http://localhost:8080/scalar/scalar.js - 304 null null 22.2257ms
2025-02-18 06:15:05.982 +03:00 [INF] Request finished HTTP/1.1 GET http://localhost:8080/scalar/scalar.aspnetcore.js - 200 418 text/javascript 26.6404ms
2025-02-18 06:15:06.230 +03:00 [INF] Request starting HTTP/1.1 GET http://localhost:8080/openapi/v1.json - null null
2025-02-18 06:15:06.235 +03:00 [INF] Executing endpoint 'HTTP: GET /openapi/{documentName}.json'
2025-02-18 06:15:06.354 +03:00 [INF] Request starting HTTP/1.1 GET http://localhost:8080/favicon.ico - null null
2025-02-18 06:15:06.359 +03:00 [INF] HTTP GET /favicon.ico responded 404 in 0.1947 ms
2025-02-18 06:15:06.361 +03:00 [INF] Request finished HTTP/1.1 GET http://localhost:8080/favicon.ico - 499 null null 6.396ms
2025-02-18 06:15:06.364 +03:00 [INF] Request reached the end of the middleware pipeline without being handled by application code. Request path: GET http://localhost:8080/favicon.ico, Response status code: 499
2025-02-18 06:15:06.446 +03:00 [INF] Executed endpoint 'HTTP: GET /openapi/{documentName}.json'
2025-02-18 06:15:06.448 +03:00 [INF] HTTP GET /openapi/v1.json responded 200 in 212.8512 ms
2025-02-18 06:15:06.450 +03:00 [INF] Request finished HTTP/1.1 GET http://localhost:8080/openapi/v1.json - 200 null application/json;charset=utf-8 219.661ms
2025-02-18 06:15:23.908 +03:00 [INF] Request starting HTTP/1.1 POST http://localhost:8080/api/User/LoginUser - application/json 65
2025-02-18 06:15:23.912 +03:00 [INF] Executing endpoint 'WebApi.Controllers.UserController.LoginUser (WebApi)'
2025-02-18 06:15:23.928 +03:00 [INF] Route matched with {action = "LoginUser", controller = "User"}. Executing controller action with signature System.Threading.Tasks.Task`1[Microsoft.AspNetCore.Mvc.IActionResult] LoginUser(Application.Features.Users.LoginUserRequest) on controller WebApi.Controllers.UserController (WebApi).
2025-02-18 06:15:23.955 +03:00 [INF] Executing action method WebApi.Controllers.UserController.LoginUser (WebApi) - Validation state: "Valid"
2025-02-18 06:15:24.040 +03:00 [INF] Executed action method WebApi.Controllers.UserController.LoginUser (WebApi), returned result Microsoft.AspNetCore.Mvc.ObjectResult in 79.437ms.
2025-02-18 06:15:24.051 +03:00 [INF] Executing ObjectResult, writing value of type 'TS.Result.Result`1[[Domain.Dtos.TokenDto, Domain, Version=1.0.0.0, Culture=neutral, PublicKeyToken=null]]'.
2025-02-18 06:15:24.071 +03:00 [INF] Executed action WebApi.Controllers.UserController.LoginUser (WebApi) in 138.1484ms
2025-02-18 06:15:24.073 +03:00 [INF] Executed endpoint 'WebApi.Controllers.UserController.LoginUser (WebApi)'
2025-02-18 06:15:24.075 +03:00 [ERR] HTTP POST /api/User/LoginUser responded 500 in 164.7866 ms
2025-02-18 06:15:24.078 +03:00 [INF] Request finished HTTP/1.1 POST http://localhost:8080/api/User/LoginUser - 500 null application/json; charset=utf-8 170.2899ms
2025-02-18 06:16:13.260 +03:00 [INF] Application is shutting down...
2025-02-18 06:16:13.274 +03:00 [INF] Uygulama Durduruldu
